<?xml version="1.0" encoding="UTF-8"?>
<!-- Generated by org.testng.reporters.JUnitReportReporter -->
<testsuite hostname="DK" failures="0" tests="4" name="scenario2Test.AdminPageTest" time="17.734" errors="0" timestamp="2024-09-04T22:41:02 IST" skipped="0">
  <testcase classname="scenario2Test.AdminPageTest" name="getAllMenu" time="5.731"/>
  <system-out>
    <![CDATA[Total menu options are: 12
Admin
PIM
Leave
Time
Recruitment
My Info
Performance
Dashboard
Directory
Maintenance
Claim
Buzz]]>
  </system-out>
  <testcase classname="scenario2Test.AdminPageTest" name="VerifySearchWithUsername" time="4.350"/>
  <system-out>
    <![CDATA[(1) Record Found]]>
  </system-out>
  <testcase classname="scenario2Test.AdminPageTest" name="VerifySerchWithUserRole" time="4.506"/>
  <system-out>
    <![CDATA[Search Employee by UserRole
(1) Record Found]]>
  </system-out>
  <testcase classname="scenario2Test.AdminPageTest" name="VerifySerchWithUserStatus" time="3.147"/>
  <system-out>
    <![CDATA[Search Employee by Status
(7) Records Found]]>
  </system-out>
</testsuite> <!-- scenario2Test.AdminPageTest -->
