<?xml version="1.0" encoding="UTF-8"?>
<!-- Generated by org.testng.reporters.JUnitReportReporter -->
<testsuite hostname="DK" failures="0" tests="3" name="scenario2Test.LoginPageTest" time="4.335" errors="0" timestamp="2024-09-04T22:39:18 IST" skipped="0">
  <testcase classname="scenario2Test.LoginPageTest" name="verifyTitle" time="0.080"/>
  <system-out>
    <![CDATA[Title match!]]>
  </system-out>
  <testcase classname="scenario2Test.LoginPageTest" name="verifyLogin" time="4.225"/>
  <system-out/>
  <testcase classname="scenario2Test.LoginPageTest" name="verifyCurrentUrl" time="0.030"/>
  <system-out>
    <![CDATA[Title is: https://opensource-demo.orangehrmlive.com/web/index.php/auth/login]]>
  </system-out>
</testsuite> <!-- scenario2Test.LoginPageTest -->
